<?xml version="1.0" encoding="UTF-8"?>
<!-- Generated by org.testng.reporters.JUnitXMLReporter -->
<testsuite ignored="0" hostname="Nathyal" failures="0" tests="4" name="Default test" time="7.04" errors="0" timestamp="2024-10-30T22:21:57 IST">
  <testcase classname="testcases.BaseClass" name="setup" time="5.152"/>
  <testcase classname="testcases.baseclassscreensortlistenerclass" name="screensortlistener" time="0.514"/>
  <testcase classname="testcases.baseclassscreensortlistenerclass" name="loginpagetestcase" time="0.987"/>
  <testcase classname="testcases.BaseClass" name="teardown" time="0.257"/>
</testsuite> <!-- Default test -->
