<?xml version="1.0" encoding="UTF-8"?>
<!-- Generated by org.testng.reporters.JUnitXMLReporter -->
<testsuite ignored="0" hostname="Nathyal" failures="0" tests="6" name="Test" time="13.068" errors="0" timestamp="2024-11-01T12:33:07 IST">
  <testcase classname="testcases.BaseClass" name="setup" time="3.947"/>
  <testcase classname="testcases.tc_posting" name="screensortlistener" time="0.796"/>
  <testcase classname="testcases.tc_posting" name="logintestcasemethod" time="0.56"/>
  <testcase classname="testcases.tc_posting" name="Postingtestmethod" time="7.271"/>
  <testcase classname="testcases.tc_posting" name="screensort" time="0.029"/>
  <testcase classname="testcases.BaseClass" name="teardown" time="0.368"/>
</testsuite> <!-- Test -->
