<?xml version="1.0" encoding="UTF-8"?>
<testng-results ignored="0" total="6" passed="6" failed="0" skipped="0">
  <reporter-output>
  </reporter-output>
  <suite started-at="2024-11-01T12:32:54 IST" name="Suite" finished-at="2024-11-01T12:33:07 IST" duration-ms="13068">
    <groups>
    </groups>
    <test started-at="2024-11-01T12:32:54 IST" name="Test" finished-at="2024-11-01T12:33:07 IST" duration-ms="13068">
      <class name="testcases.tc_posting">
        <test-method signature="setup()[pri:1, instance:testcases.tc_posting@62417a16]" started-at="2024-11-01T12:32:54 IST" name="setup" finished-at="2024-11-01T12:32:58 IST" duration-ms="3947" status="PASS">
          <reporter-output>
          </reporter-output>
        </test-method> <!-- setup -->
        <test-method signature="screensortlistener()[pri:2, instance:testcases.tc_posting@62417a16]" started-at="2024-11-01T12:32:58 IST" name="screensortlistener" finished-at="2024-11-01T12:32:59 IST" duration-ms="796" status="PASS">
          <reporter-output>
          </reporter-output>
        </test-method> <!-- screensortlistener -->
        <test-method signature="logintestcasemethod()[pri:3, instance:testcases.tc_posting@62417a16]" started-at="2024-11-01T12:32:59 IST" name="logintestcasemethod" finished-at="2024-11-01T12:33:00 IST" duration-ms="560" status="PASS">
          <reporter-output>
          </reporter-output>
        </test-method> <!-- logintestcasemethod -->
        <test-method signature="Postingtestmethod()[pri:4, instance:testcases.tc_posting@62417a16]" started-at="2024-11-01T12:33:00 IST" name="Postingtestmethod" finished-at="2024-11-01T12:33:07 IST" duration-ms="7271" status="PASS">
          <reporter-output>
          </reporter-output>
        </test-method> <!-- Postingtestmethod -->
        <test-method signature="screensort()[pri:5, instance:testcases.tc_posting@62417a16]" started-at="2024-11-01T12:33:07 IST" name="screensort" finished-at="2024-11-01T12:33:07 IST" depends-on-methods="testcases.tc_posting.Postingtestmethod" duration-ms="29" status="PASS">
          <reporter-output>
          </reporter-output>
        </test-method> <!-- screensort -->
        <test-method signature="teardown()[pri:6, instance:testcases.tc_posting@62417a16]" started-at="2024-11-01T12:33:07 IST" name="teardown" finished-at="2024-11-01T12:33:07 IST" duration-ms="368" status="PASS">
          <reporter-output>
          </reporter-output>
        </test-method> <!-- teardown -->
      </class> <!-- testcases.tc_posting -->
    </test> <!-- Test -->
  </suite> <!-- Suite -->
</testng-results>
