<?xml version="1.0" encoding="UTF-8"?>
<testng-results ignored="0" total="6" passed="6" failed="0" skipped="0">
  <reporter-output>
  </reporter-output>
  <suite started-at="2024-11-12T22:02:00 IST" name="Suite" finished-at="2024-11-12T22:02:15 IST" duration-ms="15441">
    <groups>
    </groups>
    <test started-at="2024-11-12T22:02:00 IST" name="Test" finished-at="2024-11-12T22:02:15 IST" duration-ms="15441">
      <class name="testcases.tc_posting">
        <test-method signature="setup()[pri:1, instance:testcases.tc_posting@e4487af]" started-at="2024-11-12T22:02:00 IST" name="setup" finished-at="2024-11-12T22:02:04 IST" duration-ms="4607" status="PASS">
          <reporter-output>
          </reporter-output>
        </test-method> <!-- setup -->
        <test-method signature="screensortlistener()[pri:2, instance:testcases.tc_posting@e4487af]" started-at="2024-11-12T22:02:04 IST" name="screensortlistener" finished-at="2024-11-12T22:02:05 IST" duration-ms="630" status="PASS">
          <reporter-output>
          </reporter-output>
        </test-method> <!-- screensortlistener -->
        <test-method signature="logintestcasemethod()[pri:3, instance:testcases.tc_posting@e4487af]" started-at="2024-11-12T22:02:05 IST" name="logintestcasemethod" finished-at="2024-11-12T22:02:05 IST" duration-ms="496" status="PASS">
          <reporter-output>
          </reporter-output>
        </test-method> <!-- logintestcasemethod -->
        <test-method signature="Postingtestmethod()[pri:4, instance:testcases.tc_posting@e4487af]" started-at="2024-11-12T22:02:05 IST" name="Postingtestmethod" finished-at="2024-11-12T22:02:15 IST" duration-ms="9143" status="PASS">
          <reporter-output>
          </reporter-output>
        </test-method> <!-- Postingtestmethod -->
        <test-method signature="screensort()[pri:5, instance:testcases.tc_posting@e4487af]" started-at="2024-11-12T22:02:15 IST" name="screensort" finished-at="2024-11-12T22:02:15 IST" depends-on-methods="testcases.tc_posting.Postingtestmethod" duration-ms="26" status="PASS">
          <reporter-output>
          </reporter-output>
        </test-method> <!-- screensort -->
        <test-method signature="teardown()[pri:6, instance:testcases.tc_posting@e4487af]" started-at="2024-11-12T22:02:15 IST" name="teardown" finished-at="2024-11-12T22:02:15 IST" duration-ms="449" status="PASS">
          <reporter-output>
          </reporter-output>
        </test-method> <!-- teardown -->
      </class> <!-- testcases.tc_posting -->
    </test> <!-- Test -->
  </suite> <!-- Suite -->
</testng-results>
