<?xml version="1.0" encoding="UTF-8"?>
<!-- Generated by org.testng.reporters.JUnitXMLReporter -->
<testsuite ignored="0" hostname="Nathyal" failures="0" tests="6" name="Test" time="15.441" errors="0" timestamp="2024-11-12T22:02:15 IST">
  <testcase classname="testcases.BaseClass" name="setup" time="4.607"/>
  <testcase classname="testcases.tc_posting" name="screensortlistener" time="0.63"/>
  <testcase classname="testcases.tc_posting" name="logintestcasemethod" time="0.496"/>
  <testcase classname="testcases.tc_posting" name="Postingtestmethod" time="9.143"/>
  <testcase classname="testcases.tc_posting" name="screensort" time="0.026"/>
  <testcase classname="testcases.BaseClass" name="teardown" time="0.449"/>
</testsuite> <!-- Test -->
